c:\dev\graphics\textbookexperimental\bin\intermediates\win32\debug\vc143.pdb
c:\dev\graphics\textbookexperimental\bin\intermediates\win32\debug\vc143.idb
c:\dev\graphics\textbookexperimental\bin\intermediates\win32\debug\squares.obj
c:\dev\graphics\textbookexperimental\bin\intermediates\win32\debug\utils.obj
c:\dev\graphics\textbookexperimental\bin\win32\debug\graphics.exe
c:\dev\graphics\textbookexperimental\bin\intermediates\win32\debug\graphics.ilk
c:\dev\graphics\textbookexperimental\bin\win32\debug\graphics.pdb
c:\dev\graphics\textbookexperimental\bin\intermediates\win32\debug\basicsquare.obj
c:\dev\graphics\textbookexperimental\bin\intermediates\win32\debug\main.obj
c:\dev\graphics\textbookexperimental\bin\intermediates\win32\debug\redwindow.obj
c:\dev\graphics\textbookexperimental\bin\intermediates\win32\debug\shapes.obj
c:\dev\graphics\textbookexperimental\bin\intermediates\win32\debug\test.obj
c:\dev\graphics\textbookexperimental\bin\intermediates\win32\debug\nativecodeanalysis.read.1.tlog
c:\dev\graphics\textbookexperimental\bin\intermediates\win32\debug\basicsquare.nativecodeanalysis.xml
c:\dev\graphics\textbookexperimental\bin\intermediates\win32\debug\vc.nativecodeanalysis.all.xml
c:\dev\graphics\textbookexperimental\bin\intermediates\win32\debug\graphics.vcxproj.filelistabsolute.txt
c:\dev\graphics\textbookexperimental\bin\intermediates\win32\debug\graphics.tlog\cl.command.1.tlog
c:\dev\graphics\textbookexperimental\bin\intermediates\win32\debug\graphics.tlog\cl.read.1.tlog
c:\dev\graphics\textbookexperimental\bin\intermediates\win32\debug\graphics.tlog\cl.write.1.tlog
c:\dev\graphics\textbookexperimental\bin\intermediates\win32\debug\graphics.tlog\link.command.1.tlog
c:\dev\graphics\textbookexperimental\bin\intermediates\win32\debug\graphics.tlog\link.read.1.tlog
c:\dev\graphics\textbookexperimental\bin\intermediates\win32\debug\graphics.tlog\link.write.1.tlog
